[info][2024-12-19 12:56:45.194670][main] Listen port:8080
[info][2024-12-19 12:56:53.403148]success cost:[1] url:[/api/logcollector/CollectService.One] req:[{
    "module":"meeting",
    "meeting_id":"1",
    "user_id":"1",
    "timestamp":"112323232311",
    "info":"sdasdsadsadasd"
}] resp:[{"code":0, "msg":""}]
[info][2024-12-19 12:56:55.403977]success cost:[0] url:[/api/logcollector/CollectService.One] req:[{
    "module":"meeting",
    "meeting_id":"1",
    "user_id":"1",
    "timestamp":"112323232311",
    "info":"sdasdsadsadasd"
}] resp:[{"code":0, "msg":""}]
[info][2024-12-19 12:56:56.585224]success cost:[1] url:[/api/logcollector/CollectService.One] req:[{
    "module":"meeting",
    "meeting_id":"1",
    "user_id":"1",
    "timestamp":"112323232311",
    "info":"sdasdsadsadasd"
}] resp:[{"code":0, "msg":""}]
[info][2024-12-19 12:57:12.686991]success cost:[1] url:[/api/logcollector/CollectService.One] req:[{
    "module":"meeting",
    "meeting_id":"3",
    "user_id":"1",
    "timestamp":"112323232311",
    "info":"sdasdsadsadasd"
}] resp:[{"code":0, "msg":""}]
[info][2024-12-19 12:57:15.347795]success cost:[0] url:[/api/logcollector/CollectService.One] req:[{
    "module":"meeting",
    "meeting_id":"4",
    "user_id":"1",
    "timestamp":"112323232311",
    "info":"sdasdsadsadasd"
}] resp:[{"code":0, "msg":""}]
[info][2024-12-19 12:57:17.959184]success cost:[0] url:[/api/logcollector/CollectService.One] req:[{
    "module":"meeting",
    "meeting_id":"5",
    "user_id":"1",
    "timestamp":"112323232311",
    "info":"sdasdsadsadasd"
}] resp:[{"code":0, "msg":""}]
[error][2024-12-19 13:09:38.508493]can not create fileopen ./logMeeting/5.log: The system cannot find the path specified.
[info][2024-12-19 13:09:38.509028]success cost:[5] url:[/api/logcollector/CollectService.One] req:[{
    "module":"meeting",
    "meeting_id":"5",
    "user_id":"1",
    "timestamp":"112323232311",
    "info":"sdasdsadsadasd"
}] resp:[{"code":-1, "msg":"open ./logMeeting/5.log: The system cannot find the path specified."}]
[error][2024-12-19 13:09:40.260575]can not create fileopen ./logMeeting/5.log: The system cannot find the path specified.
[info][2024-12-19 13:09:40.261372]success cost:[2] url:[/api/logcollector/CollectService.One] req:[{
    "module":"meeting",
    "meeting_id":"5",
    "user_id":"1",
    "timestamp":"112323232311",
    "info":"sdasdsadsadasd"
}] resp:[{"code":-1, "msg":"open ./logMeeting/5.log: The system cannot find the path specified."}]
[error][2024-12-19 13:09:41.633102]can not create fileopen ./logMeeting/5.log: The system cannot find the path specified.
[info][2024-12-19 13:09:41.633607]success cost:[0] url:[/api/logcollector/CollectService.One] req:[{
    "module":"meeting",
    "meeting_id":"5",
    "user_id":"1",
    "timestamp":"112323232311",
    "info":"sdasdsadsadasd"
}] resp:[{"code":-1, "msg":"open ./logMeeting/5.log: The system cannot find the path specified."}]
[info][2024-12-19 13:09:48.270170]success cost:[3] url:[/api/logcollector/CollectService.One] req:[{
    "module":"meeting",
    "meeting_id":"5",
    "user_id":"1",
    "timestamp":"112323232311",
    "info":"sdasdsadsadasd"
}] resp:[{"code":0, "msg":""}]
[info][2024-12-19 13:09:58.878195]success cost:[0] url:[/api/logcollector/CollectService.One] req:[{
    "module":"meeting",
    "meeting_id":"5",
    "user_id":"1",
    "timestamp":"112323232311",
    "info":"sdasdsadsadasd"
}] resp:[{"code":0, "msg":""}]
